<?xml version="1.0" encoding="UTF-8"?>
<coverage generated="1775896400126" clover="3.2.0">
  <project timestamp="1775896400126" name="All files">
    <metrics statements="3619" coveredstatements="2977" conditionals="2846" coveredconditionals="2176" methods="600" coveredmethods="486" elements="7065" coveredelements="5639" complexity="0" loc="3619" ncloc="3619" packages="8" files="44" classes="44"/>
    <package name="gui">
      <metrics statements="827" coveredstatements="601" conditionals="685" coveredconditionals="460" methods="120" coveredmethods="87"/>
      <file name="api.ts" path="/Users/smordziol/Webserver/libraries/ai-insights-DEV/mcp-server/gui/api.ts">
        <metrics statements="402" coveredstatements="337" conditionals="265" coveredconditionals="193" methods="58" coveredmethods="55"/>
        <line num="66" count="64" type="stmt"/>
        <line num="70" count="2" type="stmt"/>
        <line num="74" count="1" type="stmt"/>
        <line num="78" count="12" type="stmt"/>
        <line num="91" count="155" type="cond" truecount="5" falsecount="0"/>
        <line num="92" count="30" type="stmt"/>
        <line num="106" count="7" type="cond" truecount="5" falsecount="0"/>
        <line num="107" count="3" type="stmt"/>
        <line num="133" count="7" type="stmt"/>
        <line num="135" count="7" type="stmt"/>
        <line num="137" count="7" type="stmt"/>
        <line num="139" count="8" type="stmt"/>
        <line num="141" count="8" type="stmt"/>
        <line num="142" count="8" type="stmt"/>
        <line num="144" count="1" type="stmt"/>
        <line num="147" count="1" type="stmt"/>
        <line num="150" count="7" type="stmt"/>
        <line num="151" count="7" type="cond" truecount="4" falsecount="0"/>
        <line num="153" count="6" type="stmt"/>
        <line num="154" count="8" type="stmt"/>
        <line num="164" count="7" type="stmt"/>
        <line num="166" count="7" type="stmt"/>
        <line num="220" count="5" type="stmt"/>
        <line num="231" count="5" type="stmt"/>
        <line num="256" count="38" type="cond" truecount="2" falsecount="0"/>
        <line num="257" count="38" type="cond" truecount="2" falsecount="0"/>
        <line num="258" count="38" type="cond" truecount="1" falsecount="1"/>
        <line num="260" count="38" type="cond" truecount="4" falsecount="0"/>
        <line num="263" count="38" type="cond" truecount="2" falsecount="0"/>
        <line num="264" count="38" type="cond" truecount="2" falsecount="0"/>
        <line num="265" count="38" type="cond" truecount="2" falsecount="0"/>
        <line num="268" count="38" type="cond" truecount="2" falsecount="0"/>
        <line num="271" count="38" type="stmt"/>
        <line num="273" count="38" type="stmt"/>
        <line num="276" count="38" type="stmt"/>
        <line num="278" count="55" type="stmt"/>
        <line num="279" count="55" type="stmt"/>
        <line num="280" count="55" type="stmt"/>
        <line num="282" count="55" type="stmt"/>
        <line num="289" count="55" type="stmt"/>
        <line num="290" count="55" type="cond" truecount="1" falsecount="1"/>
        <line num="291" count="55" type="stmt"/>
        <line num="293" count="116" type="cond" truecount="1" falsecount="1"/>
        <line num="301" count="55" type="cond" truecount="2" falsecount="0"/>
        <line num="305" count="5" type="stmt"/>
        <line num="306" count="5" type="cond" truecount="1" falsecount="1"/>
        <line num="307" count="5" type="cond" truecount="1" falsecount="1"/>
        <line num="308" count="0" type="stmt"/>
        <line num="311" count="50" type="stmt"/>
        <line num="313" count="50" type="stmt"/>
        <line num="315" count="50" type="stmt"/>
        <line num="316" count="50" type="stmt"/>
        <line num="317" count="50" type="cond" truecount="1" falsecount="1"/>
        <line num="318" count="50" type="cond" truecount="1" falsecount="1"/>
        <line num="325" count="50" type="cond" truecount="1" falsecount="1"/>
        <line num="326" count="0" type="stmt"/>
        <line num="333" count="55" type="cond" truecount="4" falsecount="0"/>
        <line num="334" count="1" type="stmt"/>
        <line num="338" count="55" type="cond" truecount="1" falsecount="1"/>
        <line num="342" count="55" type="stmt"/>
        <line num="356" count="38" type="stmt"/>
        <line num="357" count="38" type="cond" truecount="2" falsecount="0"/>
        <line num="360" count="7" type="cond" truecount="3" falsecount="0"/>
        <line num="367" count="38" type="stmt"/>
        <line num="368" count="38" type="stmt"/>
        <line num="369" count="38" type="stmt"/>
        <line num="370" count="53" type="cond" truecount="2" falsecount="0"/>
        <line num="371" count="53" type="cond" truecount="1" falsecount="1"/>
        <line num="372" count="53" type="cond" truecount="2" falsecount="0"/>
        <line num="377" count="38" type="cond" truecount="2" falsecount="0"/>
        <line num="380" count="21" type="stmt"/>
        <line num="381" count="4" type="stmt"/>
        <line num="385" count="38" type="cond" truecount="2" falsecount="0"/>
        <line num="386" count="8" type="cond" truecount="1" falsecount="1"/>
        <line num="390" count="38" type="stmt"/>
        <line num="393" count="11" type="cond" truecount="3" falsecount="6"/>
        <line num="395" count="0" type="cond" truecount="0" falsecount="2"/>
        <line num="396" count="0" type="cond" truecount="0" falsecount="2"/>
        <line num="397" count="0" type="stmt"/>
        <line num="399" count="0" type="cond" truecount="0" falsecount="2"/>
        <line num="400" count="0" type="cond" truecount="0" falsecount="2"/>
        <line num="401" count="0" type="stmt"/>
        <line num="403" count="0" type="stmt"/>
        <line num="404" count="0" type="stmt"/>
        <line num="405" count="0" type="stmt"/>
        <line num="407" count="0" type="stmt"/>
        <line num="408" count="0" type="stmt"/>
        <line num="409" count="0" type="stmt"/>
        <line num="411" count="0" type="stmt"/>
        <line num="412" count="0" type="stmt"/>
        <line num="413" count="0" type="stmt"/>
        <line num="415" count="4" type="cond" truecount="1" falsecount="1"/>
        <line num="416" count="4" type="cond" truecount="1" falsecount="1"/>
        <line num="417" count="4" type="stmt"/>
        <line num="419" count="0" type="cond" truecount="0" falsecount="2"/>
        <line num="420" count="0" type="cond" truecount="0" falsecount="2"/>
        <line num="421" count="0" type="stmt"/>
        <line num="424" count="7" type="cond" truecount="1" falsecount="1"/>
        <line num="425" count="7" type="cond" truecount="1" falsecount="1"/>
        <line num="426" count="7" type="stmt"/>
        <line num="428" count="11" type="cond" truecount="1" falsecount="3"/>
        <line num="429" count="11" type="cond" truecount="1" falsecount="3"/>
        <line num="430" count="11" type="stmt"/>
        <line num="434" count="38" type="stmt"/>
        <line num="435" count="38" type="stmt"/>
        <line num="436" count="38" type="stmt"/>
        <line num="437" count="38" type="stmt"/>
        <line num="439" count="38" type="stmt"/>
        <line num="474" count="7" type="stmt"/>
        <line num="475" count="7" type="stmt"/>
        <line num="477" count="7" type="cond" truecount="2" falsecount="0"/>
        <line num="478" count="2" type="stmt"/>
        <line num="481" count="2" type="stmt"/>
        <line num="482" count="2" type="stmt"/>
        <line num="489" count="2" type="stmt"/>
        <line num="491" count="2" type="stmt"/>
        <line num="492" count="2" type="cond" truecount="1" falsecount="1"/>
        <line num="493" count="2" type="stmt"/>
        <line num="495" count="3" type="cond" truecount="1" falsecount="1"/>
        <line num="499" count="2" type="cond" truecount="1" falsecount="1"/>
        <line num="500" count="0" type="stmt"/>
        <line num="501" count="0" type="stmt"/>
        <line num="504" count="2" type="cond" truecount="4" falsecount="0"/>
        <line num="505" count="1" type="stmt"/>
        <line num="509" count="2" type="stmt"/>
        <line num="512" count="0" type="stmt"/>
        <line num="513" count="0" type="stmt"/>
        <line num="515" count="0" type="stmt"/>
        <line num="519" count="0" type="stmt"/>
        <line num="521" count="2" type="stmt"/>
        <line num="522" count="2" type="stmt"/>
        <line num="523" count="2" type="stmt"/>
        <line num="524" count="0" type="stmt"/>
        <line num="525" count="0" type="cond" truecount="0" falsecount="2"/>
        <line num="526" count="0" type="stmt"/>
        <line num="527" count="0" type="stmt"/>
        <line num="531" count="2" type="cond" truecount="1" falsecount="1"/>
        <line num="532" count="7" type="cond" truecount="1" falsecount="1"/>
        <line num="533" count="7" type="cond" truecount="3" falsecount="1"/>
        <line num="535" count="7" type="stmt"/>
        <line num="536" count="7" type="stmt"/>
        <line num="538" count="0" type="cond" truecount="0" falsecount="2"/>
        <line num="539" count="0" type="stmt"/>
        <line num="555" count="5" type="stmt"/>
        <line num="556" count="5" type="stmt"/>
        <line num="558" count="5" type="cond" truecount="2" falsecount="0"/>
        <line num="559" count="1" type="stmt"/>
        <line num="562" count="1" type="stmt"/>
        <line num="563" count="1" type="stmt"/>
        <line num="564" count="1" type="stmt"/>
        <line num="566" count="0" type="cond" truecount="0" falsecount="2"/>
        <line num="567" count="0" type="stmt"/>
        <line num="584" count="10" type="stmt"/>
        <line num="585" count="10" type="stmt"/>
        <line num="586" count="10" type="stmt"/>
        <line num="588" count="10" type="cond" truecount="2" falsecount="0"/>
        <line num="589" count="1" type="stmt"/>
        <line num="592" count="3" type="cond" truecount="2" falsecount="0"/>
        <line num="593" count="1" type="stmt"/>
        <line num="596" count="2" type="stmt"/>
        <line num="597" count="2" type="stmt"/>
        <line num="598" count="2" type="stmt"/>
        <line num="600" count="0" type="cond" truecount="0" falsecount="2"/>
        <line num="601" count="0" type="stmt"/>
        <line num="621" count="8" type="stmt"/>
        <line num="622" count="8" type="stmt"/>
        <line num="624" count="8" type="cond" truecount="2" falsecount="0"/>
        <line num="625" count="1" type="stmt"/>
        <line num="629" count="4" type="stmt"/>
        <line num="630" count="4" type="stmt"/>
        <line num="632" count="0" type="stmt"/>
        <line num="637" count="4" type="cond" truecount="2" falsecount="0"/>
        <line num="638" count="2" type="stmt"/>
        <line num="641" count="2" type="stmt"/>
        <line num="642" count="2" type="stmt"/>
        <line num="644" count="2" type="stmt"/>
        <line num="663" count="5" type="stmt"/>
        <line num="664" count="5" type="stmt"/>
        <line num="666" count="5" type="cond" truecount="2" falsecount="0"/>
        <line num="667" count="1" type="stmt"/>
        <line num="671" count="4" type="stmt"/>
        <line num="672" count="4" type="stmt"/>
        <line num="674" count="0" type="stmt"/>
        <line num="678" count="4" type="cond" truecount="2" falsecount="0"/>
        <line num="679" count="2" type="stmt"/>
        <line num="682" count="2" type="stmt"/>
        <line num="683" count="2" type="stmt"/>
        <line num="686" count="2" type="stmt"/>
        <line num="689" count="2" type="stmt"/>
        <line num="708" count="4" type="stmt"/>
        <line num="709" count="4" type="stmt"/>
        <line num="711" count="4" type="cond" truecount="2" falsecount="0"/>
        <line num="712" count="1" type="stmt"/>
        <line num="716" count="3" type="stmt"/>
        <line num="717" count="3" type="stmt"/>
        <line num="719" count="0" type="stmt"/>
        <line num="723" count="3" type="cond" truecount="2" falsecount="0"/>
        <line num="724" count="1" type="stmt"/>
        <line num="727" count="2" type="stmt"/>
        <line num="728" count="2" type="stmt"/>
        <line num="731" count="2" type="stmt"/>
        <line num="734" count="2" type="stmt"/>
        <line num="753" count="0" type="stmt"/>
        <line num="754" count="0" type="stmt"/>
        <line num="756" count="0" type="cond" truecount="0" falsecount="2"/>
        <line num="757" count="0" type="stmt"/>
        <line num="761" count="0" type="stmt"/>
        <line num="762" count="0" type="stmt"/>
        <line num="764" count="0" type="stmt"/>
        <line num="768" count="0" type="cond" truecount="0" falsecount="2"/>
        <line num="769" count="0" type="stmt"/>
        <line num="772" count="0" type="stmt"/>
        <line num="787" count="6" type="stmt"/>
        <line num="788" count="6" type="stmt"/>
        <line num="789" count="6" type="cond" truecount="2" falsecount="0"/>
        <line num="790" count="1" type="stmt"/>
        <line num="793" count="2" type="stmt"/>
        <line num="794" count="2" type="stmt"/>
        <line num="795" count="1" type="stmt"/>
        <line num="797" count="1" type="stmt"/>
        <line num="813" count="6" type="stmt"/>
        <line num="814" count="6" type="stmt"/>
        <line num="815" count="6" type="cond" truecount="2" falsecount="0"/>
        <line num="816" count="1" type="stmt"/>
        <line num="819" count="2" type="stmt"/>
        <line num="820" count="2" type="stmt"/>
        <line num="824" count="1" type="stmt"/>
        <line num="826" count="1" type="stmt"/>
        <line num="839" count="3" type="stmt"/>
        <line num="857" count="3" type="stmt"/>
        <line num="858" count="3" type="cond" truecount="2" falsecount="0"/>
        <line num="859" count="1" type="stmt"/>
        <line num="862" count="2" type="stmt"/>
        <line num="872" count="5" type="stmt"/>
        <line num="877" count="5" type="stmt"/>
        <line num="896" count="14" type="stmt"/>
        <line num="899" count="14" type="stmt"/>
        <line num="900" count="14" type="cond" truecount="2" falsecount="0"/>
        <line num="901" count="2" type="stmt"/>
        <line num="903" count="11" type="stmt"/>
        <line num="905" count="11" type="stmt"/>
        <line num="907" count="11" type="cond" truecount="2" falsecount="0"/>
        <line num="908" count="1" type="stmt"/>
        <line num="913" count="10" type="stmt"/>
        <line num="914" count="10" type="stmt"/>
        <line num="916" count="0" type="stmt"/>
        <line num="919" count="10" type="stmt"/>
        <line num="920" count="10" type="stmt"/>
        <line num="921" count="13" type="stmt"/>
        <line num="922" count="13" type="stmt"/>
        <line num="923" count="13" type="stmt"/>
        <line num="925" count="0" type="stmt"/>
        <line num="932" count="10" type="stmt"/>
        <line num="934" count="10" type="cond" truecount="2" falsecount="0"/>
        <line num="935" count="2" type="stmt"/>
        <line num="939" count="8" type="cond" truecount="4" falsecount="0"/>
        <line num="940" count="1" type="stmt"/>
        <line num="943" count="7" type="stmt"/>
        <line num="944" count="7" type="stmt"/>
        <line num="957" count="5" type="stmt"/>
        <line num="962" count="15" type="cond" truecount="2" falsecount="0"/>
        <line num="991" count="19" type="stmt"/>
        <line num="992" count="19" type="stmt"/>
        <line num="993" count="19" type="cond" truecount="2" falsecount="0"/>
        <line num="994" count="4" type="stmt"/>
        <line num="996" count="12" type="stmt"/>
        <line num="999" count="12" type="cond" truecount="4" falsecount="0"/>
        <line num="1000" count="1" type="stmt"/>
        <line num="1005" count="11" type="stmt"/>
        <line num="1006" count="11" type="cond" truecount="2" falsecount="0"/>
        <line num="1007" count="1" type="stmt"/>
        <line num="1012" count="10" type="cond" truecount="2" falsecount="0"/>
        <line num="1013" count="5" type="stmt"/>
        <line num="1016" count="10" type="cond" truecount="2" falsecount="0"/>
        <line num="1017" count="7" type="cond" truecount="2" falsecount="0"/>
        <line num="1019" count="2" type="stmt"/>
        <line num="1021" count="5" type="stmt"/>
        <line num="1022" count="5" type="stmt"/>
        <line num="1024" count="1" type="cond" truecount="1" falsecount="1"/>
        <line num="1025" count="1" type="stmt"/>
        <line num="1027" count="0" type="stmt"/>
        <line num="1034" count="9" type="stmt"/>
        <line num="1058" count="4" type="stmt"/>
        <line num="1060" count="4" type="stmt"/>
        <line num="1062" count="4" type="cond" truecount="2" falsecount="0"/>
        <line num="1063" count="1" type="stmt"/>
        <line num="1067" count="2" type="stmt"/>
        <line num="1068" count="2" type="stmt"/>
        <line num="1070" count="0" type="stmt"/>
        <line num="1073" count="2" type="stmt"/>
        <line num="1076" count="4" type="stmt"/>
        <line num="1077" count="4" type="stmt"/>
        <line num="1079" count="0" type="stmt"/>
        <line num="1082" count="0" type="stmt"/>
        <line num="1086" count="4" type="stmt"/>
        <line num="1088" count="2" type="stmt"/>
        <line num="1090" count="2" type="stmt"/>
        <line num="1136" count="21" type="stmt"/>
        <line num="1138" count="21" type="stmt"/>
        <line num="1140" count="21" type="cond" truecount="2" falsecount="0"/>
        <line num="1141" count="1" type="stmt"/>
        <line num="1145" count="19" type="stmt"/>
        <line num="1146" count="19" type="stmt"/>
        <line num="1148" count="0" type="stmt"/>
        <line num="1151" count="19" type="stmt"/>
        <line num="1155" count="22" type="stmt"/>
        <line num="1156" count="22" type="stmt"/>
        <line num="1158" count="2" type="stmt"/>
        <line num="1161" count="2" type="stmt"/>
        <line num="1166" count="20" type="cond" truecount="2" falsecount="0"/>
        <line num="1167" count="120" type="stmt"/>
        <line num="1172" count="22" type="stmt"/>
        <line num="1173" count="22" type="stmt"/>
        <line num="1174" count="6" type="stmt"/>
        <line num="1177" count="20" type="stmt"/>
        <line num="1178" count="60" type="stmt"/>
        <line num="1179" count="60" type="stmt"/>
        <line num="1180" count="60" type="cond" truecount="2" falsecount="0"/>
        <line num="1181" count="5" type="cond" truecount="2" falsecount="0"/>
        <line num="1182" count="4" type="cond" truecount="2" falsecount="0"/>
        <line num="1183" count="1" type="cond" truecount="1" falsecount="1"/>
        <line num="1186" count="60" type="cond" truecount="2" falsecount="0"/>
        <line num="1187" count="60" type="stmt"/>
        <line num="1195" count="20" type="stmt"/>
        <line num="1196" count="20" type="stmt"/>
        <line num="1205" count="20" type="cond" truecount="2" falsecount="0"/>
        <line num="1206" count="1" type="stmt"/>
        <line num="1212" count="20" type="stmt"/>
        <line num="1215" count="22" type="stmt"/>
        <line num="1217" count="19" type="stmt"/>
        <line num="1225" count="5" type="stmt"/>
        <line num="1228" count="5" type="stmt"/>
        <line num="1241" count="5" type="stmt"/>
        <line num="1243" count="7" type="stmt"/>
        <line num="1244" count="7" type="cond" truecount="1" falsecount="1"/>
        <line num="1245" count="7" type="stmt"/>
        <line num="1247" count="0" type="stmt"/>
        <line num="1268" count="12" type="stmt"/>
        <line num="1270" count="12" type="stmt"/>
        <line num="1273" count="12" type="stmt"/>
        <line num="1274" count="12" type="stmt"/>
        <line num="1277" count="1" type="cond" truecount="3" falsecount="2"/>
        <line num="1278" count="1" type="stmt"/>
        <line num="1280" count="0" type="stmt"/>
        <line num="1284" count="15" type="stmt"/>
        <line num="1287" count="9" type="cond" truecount="2" falsecount="0"/>
        <line num="1288" count="7" type="cond" truecount="2" falsecount="0"/>
        <line num="1290" count="5" type="stmt"/>
        <line num="1292" count="2" type="stmt"/>
        <line num="1293" count="5" type="stmt"/>
        <line num="1296" count="4" type="stmt"/>
        <line num="1322" count="10" type="stmt"/>
        <line num="1325" count="10" type="cond" truecount="2" falsecount="0"/>
        <line num="1326" count="5" type="stmt"/>
        <line num="1327" count="5" type="stmt"/>
        <line num="1330" count="4" type="stmt"/>
        <line num="1331" count="4" type="stmt"/>
        <line num="1334" count="4" type="cond" truecount="2" falsecount="2"/>
        <line num="1335" count="0" type="stmt"/>
        <line num="1336" count="0" type="stmt"/>
        <line num="1339" count="4" type="stmt"/>
        <line num="1340" count="4" type="stmt"/>
        <line num="1341" count="2" type="stmt"/>
        <line num="1343" count="2" type="cond" truecount="3" falsecount="1"/>
        <line num="1344" count="2" type="stmt"/>
        <line num="1346" count="0" type="stmt"/>
        <line num="1355" count="5" type="stmt"/>
        <line num="1358" count="5" type="stmt"/>
        <line num="1372" count="8" type="stmt"/>
        <line num="1373" count="8" type="cond" truecount="2" falsecount="0"/>
        <line num="1374" count="7" type="stmt"/>
        <line num="1376" count="1" type="stmt"/>
        <line num="1397" count="13" type="stmt"/>
        <line num="1399" count="13" type="stmt"/>
        <line num="1402" count="13" type="stmt"/>
        <line num="1403" count="13" type="stmt"/>
        <line num="1406" count="1" type="cond" truecount="3" falsecount="2"/>
        <line num="1407" count="1" type="stmt"/>
        <line num="1409" count="0" type="stmt"/>
        <line num="1413" count="17" type="stmt"/>
        <line num="1416" count="10" type="cond" truecount="2" falsecount="0"/>
        <line num="1417" count="7" type="cond" truecount="2" falsecount="0"/>
        <line num="1419" count="5" type="stmt"/>
        <line num="1421" count="2" type="stmt"/>
        <line num="1422" count="5" type="stmt"/>
        <line num="1425" count="5" type="stmt"/>
        <line num="1451" count="11" type="stmt"/>
        <line num="1454" count="11" type="cond" truecount="2" falsecount="0"/>
        <line num="1455" count="6" type="stmt"/>
        <line num="1456" count="6" type="stmt"/>
        <line num="1459" count="4" type="stmt"/>
        <line num="1460" count="4" type="stmt"/>
        <line num="1463" count="4" type="cond" truecount="2" falsecount="2"/>
        <line num="1464" count="0" type="stmt"/>
        <line num="1465" count="0" type="stmt"/>
        <line num="1468" count="4" type="stmt"/>
        <line num="1469" count="4" type="stmt"/>
        <line num="1470" count="2" type="stmt"/>
        <line num="1472" count="2" type="cond" truecount="3" falsecount="1"/>
        <line num="1473" count="2" type="stmt"/>
        <line num="1475" count="0" type="stmt"/>
        <line num="1484" count="6" type="cond" truecount="2" falsecount="0"/>
      </file>
      <file name="chunk-renderer.ts" path="/Users/smordziol/Webserver/libraries/ai-insights-DEV/mcp-server/gui/chunk-renderer.ts">
        <metrics statements="197" coveredstatements="178" conditionals="204" coveredconditionals="142" methods="22" coveredmethods="20"/>
        <line num="112" count="41" type="cond" truecount="3" falsecount="7"/>
        <line num="115" count="11" type="stmt"/>
        <line num="119" count="28" type="stmt"/>
        <line num="122" count="2" type="stmt"/>
        <line num="125" count="0" type="stmt"/>
        <line num="128" count="0" type="stmt"/>
        <line num="131" count="0" type="cond" truecount="0" falsecount="2"/>
        <line num="142" count="41" type="cond" truecount="3" falsecount="1"/>
        <line num="143" count="41" type="cond" truecount="2" falsecount="0"/>
        <line num="144" count="3" type="cond" truecount="1" falsecount="1"/>
        <line num="145" count="3" type="stmt"/>
        <line num="146" count="3" type="stmt"/>
        <line num="147" count="4" type="cond" truecount="1" falsecount="1"/>
        <line num="148" count="0" type="stmt"/>
        <line num="149" count="4" type="cond" truecount="3" falsecount="1"/>
        <line num="150" count="4" type="cond" truecount="1" falsecount="1"/>
        <line num="151" count="4" type="cond" truecount="2" falsecount="0"/>
        <line num="152" count="3" type="cond" truecount="1" falsecount="1"/>
        <line num="155" count="1" type="stmt"/>
        <line num="158" count="0" type="stmt"/>
        <line num="161" count="3" type="stmt"/>
        <line num="163" count="0" type="stmt"/>
        <line num="180" count="4" type="stmt"/>
        <line num="181" count="4" type="stmt"/>
        <line num="182" count="4" type="cond" truecount="1" falsecount="1"/>
        <line num="183" count="4" type="cond" truecount="2" falsecount="0"/>
        <line num="184" count="4" type="cond" truecount="2" falsecount="0"/>
        <line num="186" count="4" type="stmt"/>
        <line num="187" count="4" type="stmt"/>
        <line num="188" count="4" type="cond" truecount="1" falsecount="1"/>
        <line num="191" count="0" type="stmt"/>
        <line num="193" count="4" type="stmt"/>
        <line num="194" count="4" type="stmt"/>
        <line num="196" count="4" type="stmt"/>
        <line num="205" count="47" type="cond" truecount="1" falsecount="1"/>
        <line num="213" count="41" type="cond" truecount="1" falsecount="1"/>
        <line num="225" count="6" type="cond" truecount="3" falsecount="1"/>
        <line num="228" count="6" type="cond" truecount="4" falsecount="0"/>
        <line num="229" count="5" type="stmt"/>
        <line num="233" count="1" type="cond" truecount="3" falsecount="1"/>
        <line num="234" count="1" type="stmt"/>
        <line num="235" count="1" type="stmt"/>
        <line num="236" count="1" type="stmt"/>
        <line num="237" count="1" type="cond" truecount="1" falsecount="1"/>
        <line num="238" count="1" type="cond" truecount="3" falsecount="1"/>
        <line num="239" count="1" type="stmt"/>
        <line num="240" count="1" type="cond" truecount="3" falsecount="1"/>
        <line num="241" count="1" type="cond" truecount="2" falsecount="2"/>
        <line num="243" count="0" type="stmt"/>
        <line num="246" count="0" type="stmt"/>
        <line num="249" count="1" type="stmt"/>
        <line num="253" count="0" type="cond" truecount="0" falsecount="4"/>
        <line num="254" count="0" type="cond" truecount="0" falsecount="2"/>
        <line num="255" count="0" type="stmt"/>
        <line num="259" count="0" type="cond" truecount="0" falsecount="4"/>
        <line num="260" count="0" type="cond" truecount="0" falsecount="2"/>
        <line num="261" count="0" type="stmt"/>
        <line num="264" count="0" type="stmt"/>
        <line num="275" count="47" type="stmt"/>
        <line num="276" count="5" type="cond" truecount="1" falsecount="1"/>
        <line num="277" count="5" type="stmt"/>
        <line num="278" count="5" type="cond" truecount="2" falsecount="0"/>
        <line num="279" count="4" type="stmt"/>
        <line num="285" count="1" type="stmt"/>
        <line num="301" count="47" type="cond" truecount="2" falsecount="0"/>
        <line num="302" count="6" type="stmt"/>
        <line num="303" count="6" type="stmt"/>
        <line num="304" count="9" type="cond" truecount="1" falsecount="1"/>
        <line num="305" count="9" type="cond" truecount="2" falsecount="0"/>
        <line num="308" count="6" type="stmt"/>
        <line num="319" count="32" type="stmt"/>
        <line num="320" count="32" type="stmt"/>
        <line num="321" count="32" type="cond" truecount="4" falsecount="0"/>
        <line num="326" count="0" type="stmt"/>
        <line num="348" count="55" type="stmt"/>
        <line num="349" count="55" type="stmt"/>
        <line num="351" count="4" type="stmt"/>
        <line num="355" count="51" type="cond" truecount="2" falsecount="0"/>
        <line num="356" count="1" type="stmt"/>
        <line num="357" count="1" type="cond" truecount="1" falsecount="1"/>
        <line num="358" count="1" type="cond" truecount="4" falsecount="1"/>
        <line num="359" count="1" type="stmt"/>
        <line num="360" count="0" type="stmt"/>
        <line num="369" count="50" type="cond" truecount="5" falsecount="0"/>
        <line num="370" count="48" type="stmt"/>
        <line num="371" count="48" type="stmt"/>
        <line num="372" count="48" type="stmt"/>
        <line num="373" count="48" type="stmt"/>
        <line num="374" count="48" type="cond" truecount="2" falsecount="0"/>
        <line num="375" count="46" type="cond" truecount="4" falsecount="1"/>
        <line num="376" count="46" type="stmt"/>
        <line num="377" count="7" type="stmt"/>
        <line num="385" count="2" type="stmt"/>
        <line num="393" count="47" type="stmt"/>
        <line num="400" count="5" type="cond" truecount="1" falsecount="1"/>
        <line num="422" count="36" type="stmt"/>
        <line num="427" count="36" type="stmt"/>
        <line num="429" count="36" type="stmt"/>
        <line num="431" count="36" type="stmt"/>
        <line num="432" count="47" type="stmt"/>
        <line num="434" count="47" type="cond" truecount="2" falsecount="0"/>
        <line num="435" count="32" type="stmt"/>
        <line num="436" count="32" type="stmt"/>
        <line num="438" count="47" type="stmt"/>
        <line num="439" count="47" type="stmt"/>
        <line num="441" count="47" type="stmt"/>
        <line num="443" count="47" type="cond" truecount="1" falsecount="1"/>
        <line num="445" count="47" type="stmt"/>
        <line num="447" count="47" type="cond" truecount="2" falsecount="0"/>
        <line num="451" count="47" type="cond" truecount="2" falsecount="0"/>
        <line num="455" count="47" type="stmt"/>
        <line num="457" count="47" type="cond" truecount="5" falsecount="0"/>
        <line num="461" count="47" type="cond" truecount="2" falsecount="0"/>
        <line num="464" count="41" type="cond" truecount="3" falsecount="1"/>
        <line num="467" count="41" type="stmt"/>
        <line num="468" count="41" type="stmt"/>
        <line num="470" count="41" type="stmt"/>
        <line num="483" count="41" type="stmt"/>
        <line num="484" count="41" type="stmt"/>
        <line num="487" count="6" type="stmt"/>
        <line num="489" count="6" type="cond" truecount="3" falsecount="1"/>
        <line num="490" count="6" type="stmt"/>
        <line num="492" count="6" type="stmt"/>
        <line num="493" count="6" type="stmt"/>
        <line num="501" count="36" type="stmt"/>
        <line num="502" count="36" type="stmt"/>
        <line num="503" count="32" type="stmt"/>
        <line num="504" count="32" type="stmt"/>
        <line num="505" count="32" type="stmt"/>
        <line num="506" count="41" type="stmt"/>
        <line num="507" count="41" type="cond" truecount="1" falsecount="1"/>
        <line num="508" count="41" type="stmt"/>
        <line num="510" count="41" type="stmt"/>
        <line num="511" count="0" type="stmt"/>
        <line num="512" count="4" type="stmt"/>
        <line num="513" count="41" type="stmt"/>
        <line num="515" count="32" type="stmt"/>
        <line num="518" count="36" type="stmt"/>
        <line num="537" count="32" type="stmt"/>
        <line num="539" count="32" type="cond" truecount="2" falsecount="0"/>
        <line num="540" count="5" type="stmt"/>
        <line num="541" count="5" type="stmt"/>
        <line num="544" count="32" type="stmt"/>
        <line num="545" count="41" type="stmt"/>
        <line num="546" count="41" type="stmt"/>
        <line num="547" count="41" type="stmt"/>
        <line num="549" count="41" type="stmt"/>
        <line num="550" count="41" type="cond" truecount="2" falsecount="0"/>
        <line num="551" count="37" type="stmt"/>
        <line num="552" count="37" type="stmt"/>
        <line num="555" count="41" type="cond" truecount="2" falsecount="0"/>
        <line num="556" count="4" type="stmt"/>
        <line num="557" count="4" type="stmt"/>
        <line num="561" count="32" type="stmt"/>
        <line num="570" count="29" type="stmt"/>
        <line num="571" count="29" type="stmt"/>
        <line num="572" count="32" type="stmt"/>
        <line num="573" count="41" type="stmt"/>
        <line num="574" count="8" type="cond" truecount="1" falsecount="1"/>
        <line num="575" count="8" type="cond" truecount="2" falsecount="0"/>
        <line num="580" count="29" type="cond" truecount="2" falsecount="0"/>
        <line num="596" count="36" type="stmt"/>
        <line num="597" count="124" type="stmt"/>
        <line num="603" count="36" type="cond" truecount="2" falsecount="0"/>
        <line num="604" count="4" type="stmt"/>
        <line num="606" count="32" type="stmt"/>
        <line num="607" count="32" type="cond" truecount="2" falsecount="0"/>
        <line num="613" count="36" type="stmt"/>
        <line num="614" count="36" type="stmt"/>
        <line num="615" count="55" type="stmt"/>
        <line num="616" count="55" type="cond" truecount="2" falsecount="0"/>
        <line num="617" count="47" type="stmt"/>
        <line num="623" count="36" type="stmt"/>
        <line num="626" count="36" type="stmt"/>
        <line num="635" count="36" type="cond" truecount="2" falsecount="0"/>
        <line num="636" count="7" type="stmt"/>
        <line num="637" count="7" type="stmt"/>
        <line num="641" count="29" type="stmt"/>
        <line num="642" count="29" type="cond" truecount="4" falsecount="0"/>
        <line num="643" count="27" type="stmt"/>
        <line num="646" count="29" type="stmt"/>
        <line num="647" count="32" type="cond" truecount="2" falsecount="0"/>
        <line num="648" count="5" type="cond" truecount="1" falsecount="1"/>
        <line num="649" count="5" type="stmt"/>
        <line num="654" count="29" type="stmt"/>
        <line num="655" count="29" type="cond" truecount="2" falsecount="0"/>
        <line num="656" count="3" type="stmt"/>
        <line num="657" count="3" type="stmt"/>
        <line num="658" count="3" type="stmt"/>
        <line num="659" count="3" type="stmt"/>
        <line num="660" count="3" type="stmt"/>
        <line num="661" count="3" type="stmt"/>
        <line num="662" count="3" type="stmt"/>
        <line num="663" count="12" type="stmt"/>
        <line num="664" count="6" type="stmt"/>
        <line num="666" count="3" type="stmt"/>
        <line num="669" count="29" type="stmt"/>
      </file>
      <file name="server.ts" path="/Users/smordziol/Webserver/libraries/ai-insights-DEV/mcp-server/gui/server.ts">
        <metrics statements="228" coveredstatements="86" conditionals="216" coveredconditionals="125" methods="40" coveredmethods="12"/>
        <line num="56" count="2" type="stmt"/>
        <line num="57" count="2" type="stmt"/>
        <line num="59" count="2" type="stmt"/>
        <line num="66" count="0" type="stmt"/>
        <line num="67" count="0" type="stmt"/>
        <line num="68" count="0" type="cond" truecount="0" falsecount="4"/>
        <line num="69" count="0" type="stmt"/>
        <line num="70" count="0" type="cond" truecount="0" falsecount="4"/>
        <line num="72" count="0" type="stmt"/>
        <line num="79" count="2" type="stmt"/>
        <line num="90" count="14" type="stmt"/>
        <line num="102" count="14" type="stmt"/>
        <line num="121" count="12" type="stmt"/>
        <line num="122" count="12" type="stmt"/>
        <line num="128" count="12" type="stmt"/>
        <line num="138" count="7" type="stmt"/>
        <line num="142" count="6" type="cond" truecount="2" falsecount="2"/>
        <line num="144" count="4" type="stmt"/>
        <line num="146" count="2" type="stmt"/>
        <line num="148" count="0" type="stmt"/>
        <line num="150" count="0" type="stmt"/>
        <line num="159" count="0" type="stmt"/>
        <line num="160" count="0" type="stmt"/>
        <line num="161" count="0" type="stmt"/>
        <line num="162" count="0" type="stmt"/>
        <line num="163" count="0" type="stmt"/>
        <line num="183" count="11" type="stmt"/>
        <line num="184" count="11" type="stmt"/>
        <line num="187" count="11" type="cond" truecount="1" falsecount="1"/>
        <line num="189" count="11" type="stmt"/>
        <line num="201" count="11" type="cond" truecount="4" falsecount="1"/>
        <line num="202" count="0" type="stmt"/>
        <line num="206" count="11" type="cond" truecount="5" falsecount="0"/>
        <line num="207" count="1" type="stmt"/>
        <line num="208" count="1" type="cond" truecount="1" falsecount="1"/>
        <line num="209" count="1" type="stmt"/>
        <line num="210" count="1" type="stmt"/>
        <line num="219" count="1" type="stmt"/>
        <line num="223" count="10" type="cond" truecount="1" falsecount="1"/>
        <line num="229" count="0" type="stmt"/>
        <line num="230" count="0" type="stmt"/>
        <line num="234" count="10" type="cond" truecount="1" falsecount="1"/>
        <line num="240" count="0" type="stmt"/>
        <line num="241" count="0" type="stmt"/>
        <line num="245" count="10" type="cond" truecount="1" falsecount="1"/>
        <line num="251" count="0" type="stmt"/>
        <line num="252" count="0" type="stmt"/>
        <line num="256" count="10" type="cond" truecount="5" falsecount="0"/>
        <line num="257" count="1" type="stmt"/>
        <line num="258" count="1" type="stmt"/>
        <line num="262" count="9" type="cond" truecount="1" falsecount="1"/>
        <line num="268" count="0" type="stmt"/>
        <line num="269" count="0" type="stmt"/>
        <line num="276" count="9" type="cond" truecount="1" falsecount="1"/>
        <line num="283" count="0" type="stmt"/>
        <line num="284" count="0" type="stmt"/>
        <line num="290" count="9" type="cond" truecount="1" falsecount="1"/>
        <line num="296" count="0" type="stmt"/>
        <line num="297" count="0" type="stmt"/>
        <line num="298" count="0" type="stmt"/>
        <line num="302" count="9" type="cond" truecount="1" falsecount="1"/>
        <line num="308" count="0" type="stmt"/>
        <line num="309" count="0" type="stmt"/>
        <line num="310" count="0" type="stmt"/>
        <line num="315" count="9" type="cond" truecount="1" falsecount="1"/>
        <line num="321" count="0" type="stmt"/>
        <line num="322" count="0" type="stmt"/>
        <line num="323" count="0" type="cond" truecount="0" falsecount="2"/>
        <line num="324" count="0" type="stmt"/>
        <line num="325" count="0" type="cond" truecount="0" falsecount="2"/>
        <line num="326" count="0" type="stmt"/>
        <line num="331" count="9" type="cond" truecount="1" falsecount="1"/>
        <line num="337" count="0" type="stmt"/>
        <line num="338" count="0" type="stmt"/>
        <line num="339" count="0" type="cond" truecount="0" falsecount="2"/>
        <line num="340" count="0" type="stmt"/>
        <line num="341" count="0" type="cond" truecount="0" falsecount="2"/>
        <line num="342" count="0" type="stmt"/>
        <line num="352" count="9" type="cond" truecount="1" falsecount="1"/>
        <line num="359" count="0" type="stmt"/>
        <line num="360" count="0" type="stmt"/>
        <line num="361" count="0" type="stmt"/>
        <line num="362" count="0" type="stmt"/>
        <line num="369" count="9" type="cond" truecount="1" falsecount="1"/>
        <line num="375" count="0" type="stmt"/>
        <line num="376" count="0" type="stmt"/>
        <line num="377" count="0" type="stmt"/>
        <line num="382" count="9" type="cond" truecount="2" falsecount="0"/>
        <line num="388" count="3" type="stmt"/>
        <line num="389" count="3" type="stmt"/>
        <line num="394" count="6" type="cond" truecount="1" falsecount="1"/>
        <line num="400" count="6" type="stmt"/>
        <line num="401" count="6" type="stmt"/>
        <line num="402" count="6" type="stmt"/>
        <line num="403" count="6" type="cond" truecount="2" falsecount="0"/>
        <line num="404" count="6" type="stmt"/>
        <line num="405" count="6" type="stmt"/>
        <line num="406" count="6" type="cond" truecount="2" falsecount="0"/>
        <line num="407" count="6" type="stmt"/>
        <line num="411" count="0" type="cond" truecount="0" falsecount="5"/>
        <line num="412" count="0" type="stmt"/>
        <line num="413" count="0" type="stmt"/>
        <line num="417" count="0" type="cond" truecount="0" falsecount="2"/>
        <line num="423" count="0" type="stmt"/>
        <line num="424" count="0" type="stmt"/>
        <line num="428" count="0" type="cond" truecount="0" falsecount="2"/>
        <line num="434" count="0" type="stmt"/>
        <line num="435" count="0" type="stmt"/>
        <line num="439" count="0" type="cond" truecount="0" falsecount="2"/>
        <line num="445" count="0" type="stmt"/>
        <line num="446" count="0" type="stmt"/>
        <line num="456" count="0" type="stmt"/>
        <line num="468" count="2" type="cond" truecount="1" falsecount="1"/>
        <line num="470" count="2" type="cond" truecount="2" falsecount="0"/>
        <line num="473" count="2" type="stmt"/>
        <line num="474" count="2" type="cond" truecount="1" falsecount="1"/>
        <line num="475" count="0" type="stmt"/>
        <line num="476" count="0" type="stmt"/>
        <line num="479" count="2" type="stmt"/>
        <line num="480" count="2" type="cond" truecount="2" falsecount="0"/>
        <line num="482" count="2" type="stmt"/>
        <line num="483" count="2" type="stmt"/>
        <line num="484" count="1" type="stmt"/>
        <line num="490" count="1" type="stmt"/>
        <line num="492" count="1" type="stmt"/>
        <line num="508" count="14" type="cond" truecount="1" falsecount="1"/>
        <line num="509" count="14" type="cond" truecount="1" falsecount="1"/>
        <line num="510" count="14" type="stmt"/>
        <line num="511" count="14" type="stmt"/>
        <line num="512" count="14" type="stmt"/>
        <line num="515" count="14" type="cond" truecount="2" falsecount="0"/>
        <line num="516" count="1" type="stmt"/>
        <line num="517" count="1" type="stmt"/>
        <line num="518" count="1" type="stmt"/>
        <line num="522" count="13" type="cond" truecount="2" falsecount="0"/>
        <line num="523" count="2" type="stmt"/>
        <line num="524" count="2" type="stmt"/>
        <line num="528" count="11" type="cond" truecount="2" falsecount="2"/>
        <line num="529" count="0" type="stmt"/>
        <line num="530" count="0" type="stmt"/>
        <line num="532" count="0" type="stmt"/>
        <line num="533" count="0" type="stmt"/>
        <line num="535" count="0" type="stmt"/>
        <line num="536" count="0" type="stmt"/>
        <line num="538" count="0" type="stmt"/>
        <line num="539" count="0" type="stmt"/>
        <line num="541" count="0" type="cond" truecount="0" falsecount="2"/>
        <line num="542" count="0" type="stmt"/>
        <line num="544" count="0" type="stmt"/>
        <line num="545" count="0" type="stmt"/>
        <line num="548" count="0" type="stmt"/>
        <line num="552" count="11" type="cond" truecount="3" falsecount="1"/>
        <line num="553" count="0" type="stmt"/>
        <line num="554" count="0" type="stmt"/>
        <line num="555" count="0" type="stmt"/>
        <line num="557" count="0" type="cond" truecount="0" falsecount="2"/>
        <line num="558" count="0" type="stmt"/>
        <line num="560" count="0" type="stmt"/>
        <line num="561" count="0" type="stmt"/>
        <line num="564" count="0" type="stmt"/>
        <line num="568" count="11" type="cond" truecount="2" falsecount="2"/>
        <line num="569" count="0" type="stmt"/>
        <line num="570" count="0" type="stmt"/>
        <line num="571" count="0" type="stmt"/>
        <line num="573" count="0" type="stmt"/>
        <line num="574" count="0" type="stmt"/>
        <line num="576" count="0" type="stmt"/>
        <line num="577" count="0" type="stmt"/>
        <line num="579" count="0" type="stmt"/>
        <line num="580" count="0" type="stmt"/>
        <line num="582" count="0" type="cond" truecount="0" falsecount="2"/>
        <line num="583" count="0" type="stmt"/>
        <line num="585" count="0" type="stmt"/>
        <line num="586" count="0" type="stmt"/>
        <line num="589" count="0" type="stmt"/>
        <line num="593" count="11" type="cond" truecount="1" falsecount="1"/>
        <line num="594" count="0" type="stmt"/>
        <line num="595" count="0" type="cond" truecount="0" falsecount="2"/>
        <line num="601" count="0" type="stmt"/>
        <line num="602" count="0" type="stmt"/>
        <line num="603" count="0" type="stmt"/>
        <line num="605" count="0" type="stmt"/>
        <line num="606" count="0" type="stmt"/>
        <line num="608" count="0" type="stmt"/>
        <line num="609" count="0" type="stmt"/>
        <line num="611" count="0" type="stmt"/>
        <line num="612" count="0" type="stmt"/>
        <line num="614" count="0" type="cond" truecount="0" falsecount="2"/>
        <line num="615" count="0" type="stmt"/>
        <line num="617" count="0" type="stmt"/>
        <line num="618" count="0" type="stmt"/>
        <line num="621" count="0" type="stmt"/>
        <line num="626" count="11" type="stmt"/>
        <line num="627" count="11" type="cond" truecount="1" falsecount="1"/>
        <line num="628" count="0" type="stmt"/>
        <line num="629" count="0" type="stmt"/>
        <line num="632" count="11" type="stmt"/>
        <line num="633" count="11" type="stmt"/>
        <line num="634" count="5" type="stmt"/>
        <line num="636" count="6" type="cond" truecount="1" falsecount="1"/>
        <line num="637" count="6" type="stmt"/>
        <line num="639" count="0" type="stmt"/>
        <line num="640" count="0" type="stmt"/>
        <line num="650" count="0" type="stmt"/>
        <line num="651" count="0" type="stmt"/>
        <line num="652" count="0" type="stmt"/>
        <line num="655" count="0" type="stmt"/>
        <line num="656" count="0" type="stmt"/>
        <line num="658" count="0" type="stmt"/>
        <line num="662" count="0" type="stmt"/>
        <line num="664" count="0" type="stmt"/>
        <line num="665" count="0" type="stmt"/>
        <line num="666" count="0" type="stmt"/>
        <line num="667" count="0" type="cond" truecount="0" falsecount="2"/>
        <line num="668" count="0" type="stmt"/>
        <line num="669" count="0" type="stmt"/>
        <line num="678" count="0" type="stmt"/>
        <line num="679" count="0" type="cond" truecount="0" falsecount="2"/>
        <line num="680" count="0" type="stmt"/>
        <line num="683" count="0" type="stmt"/>
        <line num="685" count="0" type="stmt"/>
        <line num="688" count="0" type="stmt"/>
        <line num="689" count="0" type="stmt"/>
        <line num="696" count="2" type="cond" truecount="2" falsecount="0"/>
        <line num="699" count="2" type="cond" truecount="1" falsecount="1"/>
        <line num="700" count="0" type="stmt"/>
        <line num="701" count="0" type="stmt"/>
        <line num="702" count="0" type="stmt"/>
      </file>
    </package>
    <package name="src.gui">
      <metrics statements="239" coveredstatements="218" conditionals="112" coveredconditionals="99" methods="37" coveredmethods="34"/>
      <file name="auto-archive.ts" path="/Users/smordziol/Webserver/libraries/ai-insights-DEV/mcp-server/src/gui/auto-archive.ts">
        <metrics statements="45" coveredstatements="39" conditionals="15" coveredconditionals="13" methods="7" coveredmethods="6"/>
        <line num="19" count="3" type="stmt"/>
        <line num="39" count="13" type="cond" truecount="2" falsecount="0"/>
        <line num="40" count="1" type="stmt"/>
        <line num="43" count="12" type="stmt"/>
        <line num="44" count="12" type="stmt"/>
        <line num="45" count="12" type="stmt"/>
        <line num="46" count="12" type="stmt"/>
        <line num="48" count="12" type="stmt"/>
        <line num="49" count="11" type="cond" truecount="2" falsecount="0"/>
        <line num="50" count="5" type="stmt"/>
        <line num="54" count="6" type="stmt"/>
        <line num="55" count="6" type="stmt"/>
        <line num="56" count="6" type="cond" truecount="1" falsecount="1"/>
        <line num="57" count="0" type="stmt"/>
        <line num="60" count="0" type="stmt"/>
        <line num="63" count="0" type="stmt"/>
        <line num="64" count="0" type="stmt"/>
        <line num="67" count="6" type="stmt"/>
        <line num="68" count="6" type="cond" truecount="2" falsecount="0"/>
        <line num="69" count="2" type="stmt"/>
        <line num="72" count="4" type="stmt"/>
        <line num="74" count="4" type="stmt"/>
        <line num="75" count="4" type="stmt"/>
        <line num="76" count="4" type="stmt"/>
        <line num="77" count="4" type="stmt"/>
        <line num="80" count="3" type="stmt"/>
        <line num="82" count="3" type="stmt"/>
        <line num="83" count="3" type="stmt"/>
        <line num="87" count="1" type="stmt"/>
        <line num="93" count="12" type="stmt"/>
        <line num="115" count="4" type="cond" truecount="2" falsecount="0"/>
        <line num="116" count="1" type="stmt"/>
        <line num="119" count="3" type="stmt"/>
        <line num="120" count="3" type="stmt"/>
        <line num="121" count="3" type="stmt"/>
        <line num="122" count="3" type="cond" truecount="1" falsecount="1"/>
        <line num="123" count="0" type="stmt"/>
        <line num="125" count="3" type="stmt"/>
        <line num="126" count="0" type="stmt"/>
        <line num="131" count="3" type="stmt"/>
        <line num="132" count="3" type="stmt"/>
        <line num="141" count="11" type="cond" truecount="2" falsecount="0"/>
        <line num="142" count="3" type="stmt"/>
        <line num="143" count="3" type="stmt"/>
        <line num="155" count="8" type="stmt"/>
      </file>
      <file name="config.ts" path="/Users/smordziol/Webserver/libraries/ai-insights-DEV/mcp-server/src/gui/config.ts">
        <metrics statements="71" coveredstatements="58" conditionals="22" coveredconditionals="15" methods="12" coveredmethods="10"/>
        <line num="21" count="33" type="stmt"/>
        <line num="37" count="33" type="stmt"/>
        <line num="44" count="33" type="stmt"/>
        <line num="56" count="33" type="stmt"/>
        <line num="57" count="33" type="stmt"/>
        <line num="58" count="33" type="stmt"/>
        <line num="69" count="134" type="stmt"/>
        <line num="83" count="146" type="stmt"/>
        <line num="84" count="146" type="stmt"/>
        <line num="86" count="139" type="cond" truecount="3" falsecount="1"/>
        <line num="88" count="139" type="stmt"/>
        <line num="91" count="139" type="stmt"/>
        <line num="92" count="139" type="stmt"/>
        <line num="93" count="139" type="stmt"/>
        <line num="96" count="0" type="stmt"/>
        <line num="97" count="0" type="stmt"/>
        <line num="98" count="0" type="stmt"/>
        <line num="102" count="7" type="stmt"/>
        <line num="103" count="7" type="stmt"/>
        <line num="105" count="1" type="stmt"/>
        <line num="108" count="1" type="stmt"/>
        <line num="109" count="1" type="stmt"/>
        <line num="112" count="6" type="stmt"/>
        <line num="113" count="6" type="cond" truecount="2" falsecount="0"/>
        <line num="114" count="1" type="stmt"/>
        <line num="117" count="1" type="stmt"/>
        <line num="118" count="1" type="stmt"/>
        <line num="121" count="5" type="stmt"/>
        <line num="122" count="5" type="stmt"/>
        <line num="143" count="13" type="stmt"/>
        <line num="144" count="13" type="stmt"/>
        <line num="145" count="13" type="stmt"/>
        <line num="146" count="13" type="stmt"/>
        <line num="147" count="12" type="stmt"/>
        <line num="148" count="12" type="stmt"/>
        <line num="161" count="15" type="stmt"/>
        <line num="163" count="15" type="stmt"/>
        <line num="164" count="15" type="stmt"/>
        <line num="166" count="10" type="cond" truecount="2" falsecount="0"/>
        <line num="167" count="2" type="stmt"/>
        <line num="169" count="10" type="stmt"/>
        <line num="170" count="8" type="stmt"/>
        <line num="172" count="8" type="stmt"/>
        <line num="175" count="8" type="stmt"/>
        <line num="176" count="8" type="stmt"/>
        <line num="178" count="0" type="stmt"/>
        <line num="181" count="0" type="stmt"/>
        <line num="183" count="8" type="stmt"/>
        <line num="184" count="8" type="cond" truecount="1" falsecount="1"/>
        <line num="185" count="0" type="stmt"/>
        <line num="188" count="0" type="stmt"/>
        <line num="190" count="8" type="stmt"/>
        <line num="191" count="8" type="stmt"/>
        <line num="199" count="8" type="cond" truecount="2" falsecount="0"/>
        <line num="200" count="6" type="stmt"/>
        <line num="204" count="0" type="cond" truecount="0" falsecount="4"/>
        <line num="205" count="0" type="stmt"/>
        <line num="209" count="0" type="stmt"/>
        <line num="217" count="15" type="stmt"/>
        <line num="218" count="0" type="stmt"/>
        <line num="224" count="1" type="stmt"/>
        <line num="235" count="360" type="cond" truecount="1" falsecount="1"/>
        <line num="236" count="0" type="stmt"/>
        <line num="237" count="0" type="stmt"/>
        <line num="239" count="360" type="cond" truecount="2" falsecount="0"/>
        <line num="240" count="14" type="stmt"/>
        <line num="241" count="14" type="stmt"/>
        <line num="245" count="14" type="stmt"/>
        <line num="258" count="314" type="stmt"/>
        <line num="259" count="314" type="stmt"/>
        <line num="267" count="139" type="cond" truecount="2" falsecount="0"/>
      </file>
      <file name="errors.ts" path="/Users/smordziol/Webserver/libraries/ai-insights-DEV/mcp-server/src/gui/errors.ts">
        <metrics statements="4" coveredstatements="4" conditionals="0" coveredconditionals="0" methods="1" coveredmethods="1"/>
        <line num="25" count="106" type="stmt"/>
        <line num="27" count="106" type="stmt"/>
        <line num="29" count="106" type="stmt"/>
        <line num="30" count="106" type="stmt"/>
      </file>
      <file name="log-resolver.ts" path="/Users/smordziol/Webserver/libraries/ai-insights-DEV/mcp-server/src/gui/log-resolver.ts">
        <metrics statements="119" coveredstatements="117" conditionals="75" coveredconditionals="71" methods="17" coveredmethods="17"/>
        <line num="40" count="4" type="stmt"/>
        <line num="88" count="51" type="stmt"/>
        <line num="89" count="51" type="stmt"/>
        <line num="92" count="2" type="stmt"/>
        <line num="95" count="49" type="stmt"/>
        <line num="99" count="49" type="cond" truecount="2" falsecount="0"/>
        <line num="100" count="51" type="cond" truecount="2" falsecount="0"/>
        <line num="102" count="51" type="stmt"/>
        <line num="103" count="47" type="cond" truecount="4" falsecount="0"/>
        <line num="104" count="8" type="cond" truecount="5" falsecount="0"/>
        <line num="105" count="7" type="stmt"/>
        <line num="110" count="51" type="stmt"/>
        <line num="112" count="40" type="stmt"/>
        <line num="113" count="40" type="stmt"/>
        <line num="114" count="40" type="stmt"/>
        <line num="117" count="49" type="stmt"/>
        <line num="122" count="49" type="stmt"/>
        <line num="124" count="9" type="cond" truecount="1" falsecount="1"/>
        <line num="125" count="9" type="stmt"/>
        <line num="126" count="9" type="stmt"/>
        <line num="130" count="49" type="stmt"/>
        <line num="168" count="8" type="stmt"/>
        <line num="171" count="8" type="stmt"/>
        <line num="172" count="8" type="stmt"/>
        <line num="173" count="5" type="cond" truecount="2" falsecount="0"/>
        <line num="174" count="1" type="stmt"/>
        <line num="182" count="7" type="stmt"/>
        <line num="183" count="7" type="stmt"/>
        <line num="185" count="3" type="stmt"/>
        <line num="188" count="4" type="stmt"/>
        <line num="189" count="4" type="cond" truecount="2" falsecount="0"/>
        <line num="191" count="4" type="cond" truecount="2" falsecount="0"/>
        <line num="193" count="3" type="stmt"/>
        <line num="195" count="3" type="stmt"/>
        <line num="196" count="3" type="stmt"/>
        <line num="197" count="3" type="stmt"/>
        <line num="198" count="3" type="stmt"/>
        <line num="199" count="3" type="stmt"/>
        <line num="204" count="3" type="stmt"/>
        <line num="230" count="20" type="stmt"/>
        <line num="234" count="20" type="stmt"/>
        <line num="235" count="20" type="stmt"/>
        <line num="237" count="1" type="stmt"/>
        <line num="240" count="19" type="stmt"/>
        <line num="241" count="11" type="cond" truecount="2" falsecount="0"/>
        <line num="243" count="19" type="cond" truecount="2" falsecount="0"/>
        <line num="245" count="8" type="stmt"/>
        <line num="247" count="8" type="stmt"/>
        <line num="248" count="8" type="stmt"/>
        <line num="249" count="9" type="stmt"/>
        <line num="250" count="9" type="stmt"/>
        <line num="253" count="9" type="stmt"/>
        <line num="254" count="9" type="cond" truecount="2" falsecount="0"/>
        <line num="257" count="4" type="stmt"/>
        <line num="258" count="4" type="stmt"/>
        <line num="259" count="4" type="stmt"/>
        <line num="261" count="3" type="stmt"/>
        <line num="266" count="4" type="cond" truecount="2" falsecount="0"/>
        <line num="268" count="3" type="stmt"/>
        <line num="269" count="3" type="stmt"/>
        <line num="270" count="3" type="stmt"/>
        <line num="276" count="8" type="stmt"/>
        <line num="304" count="25" type="stmt"/>
        <line num="305" count="25" type="stmt"/>
        <line num="307" count="25" type="stmt"/>
        <line num="308" count="25" type="stmt"/>
        <line num="310" count="25" type="stmt"/>
        <line num="311" count="25" type="stmt"/>
        <line num="316" count="25" type="stmt"/>
        <line num="317" count="25" type="stmt"/>
        <line num="323" count="25" type="cond" truecount="4" falsecount="0"/>
        <line num="326" count="23" type="cond" truecount="2" falsecount="0"/>
        <line num="329" count="4" type="cond" truecount="2" falsecount="0"/>
        <line num="331" count="3" type="stmt"/>
        <line num="332" count="3" type="stmt"/>
        <line num="333" count="3" type="stmt"/>
        <line num="340" count="4" type="stmt"/>
        <line num="365" count="57" type="stmt"/>
        <line num="366" count="57" type="stmt"/>
        <line num="368" count="1" type="stmt"/>
        <line num="371" count="125" type="stmt"/>
        <line num="375" count="56" type="stmt"/>
        <line num="376" count="56" type="cond" truecount="2" falsecount="0"/>
        <line num="377" count="38" type="stmt"/>
        <line num="378" count="38" type="stmt"/>
        <line num="379" count="38" type="cond" truecount="5" falsecount="0"/>
        <line num="380" count="36" type="cond" truecount="2" falsecount="0"/>
        <line num="388" count="56" type="cond" truecount="2" falsecount="0"/>
        <line num="389" count="18" type="stmt"/>
        <line num="391" count="38" type="stmt"/>
        <line num="392" count="38" type="stmt"/>
        <line num="393" count="38" type="cond" truecount="5" falsecount="0"/>
        <line num="394" count="37" type="cond" truecount="2" falsecount="0"/>
        <line num="395" count="37" type="stmt"/>
        <line num="400" count="1" type="stmt"/>
        <line num="410" count="9" type="stmt"/>
        <line num="411" count="9" type="stmt"/>
        <line num="416" count="9" type="stmt"/>
        <line num="447" count="35" type="cond" truecount="2" falsecount="0"/>
        <line num="453" count="16" type="stmt"/>
        <line num="460" count="19" type="stmt"/>
        <line num="461" count="19" type="stmt"/>
        <line num="463" count="19" type="cond" truecount="2" falsecount="2"/>
        <line num="465" count="0" type="stmt"/>
        <line num="473" count="19" type="stmt"/>
        <line num="474" count="19" type="stmt"/>
        <line num="476" count="3" type="cond" truecount="3" falsecount="1"/>
        <line num="477" count="3" type="stmt"/>
        <line num="479" count="0" type="stmt"/>
        <line num="483" count="60" type="stmt"/>
        <line num="484" count="16" type="stmt"/>
        <line num="486" count="16" type="cond" truecount="4" falsecount="0"/>
        <line num="487" count="35" type="stmt"/>
        <line num="489" count="35" type="stmt"/>
        <line num="490" count="35" type="stmt"/>
        <line num="491" count="31" type="stmt"/>
        <line num="492" count="31" type="stmt"/>
        <line num="498" count="16" type="stmt"/>
        <line num="506" count="3" type="cond" truecount="2" falsecount="0"/>
      </file>
    </package>
    <package name="src.gui.handlers">
      <metrics statements="20" coveredstatements="19" conditionals="9" coveredconditionals="8" methods="4" coveredmethods="4"/>
      <file name="run-log-handlers.ts" path="/Users/smordziol/Webserver/libraries/ai-insights-DEV/mcp-server/src/gui/handlers/run-log-handlers.ts">
        <metrics statements="20" coveredstatements="19" conditionals="9" coveredconditionals="8" methods="4" coveredmethods="4"/>
        <line num="41" count="42" type="cond" truecount="5" falsecount="0"/>
        <line num="42" count="8" type="stmt"/>
        <line num="89" count="19" type="stmt"/>
        <line num="92" count="19" type="cond" truecount="2" falsecount="0"/>
        <line num="93" count="2" type="stmt"/>
        <line num="95" count="14" type="cond" truecount="1" falsecount="1"/>
        <line num="96" count="0" type="stmt"/>
        <line num="100" count="14" type="stmt"/>
        <line num="103" count="14" type="stmt"/>
        <line num="110" count="14" type="stmt"/>
        <line num="111" count="14" type="stmt"/>
        <line num="112" count="5" type="stmt"/>
        <line num="114" count="14" type="stmt"/>
        <line num="116" count="10" type="stmt"/>
        <line num="120" count="14" type="stmt"/>
        <line num="121" count="14" type="stmt"/>
        <line num="122" count="14" type="stmt"/>
        <line num="158" count="23" type="stmt"/>
        <line num="159" count="23" type="stmt"/>
        <line num="160" count="20" type="stmt"/>
      </file>
    </package>
    <package name="src.schema">
      <metrics statements="56" coveredstatements="55" conditionals="32" coveredconditionals="31" methods="7" coveredmethods="7"/>
      <file name="enums.ts" path="/Users/smordziol/Webserver/libraries/ai-insights-DEV/mcp-server/src/schema/enums.ts">
        <metrics statements="6" coveredstatements="6" conditionals="0" coveredconditionals="0" methods="0" coveredmethods="0"/>
        <line num="16" count="41" type="stmt"/>
        <line num="23" count="41" type="stmt"/>
        <line num="32" count="41" type="stmt"/>
        <line num="42" count="41" type="stmt"/>
        <line num="50" count="41" type="stmt"/>
        <line num="59" count="41" type="stmt"/>
      </file>
      <file name="project-meta.ts" path="/Users/smordziol/Webserver/libraries/ai-insights-DEV/mcp-server/src/schema/project-meta.ts">
        <metrics statements="1" coveredstatements="1" conditionals="0" coveredconditionals="0" methods="0" coveredmethods="0"/>
        <line num="4" count="39" type="stmt"/>
      </file>
      <file name="root-index.ts" path="/Users/smordziol/Webserver/libraries/ai-insights-DEV/mcp-server/src/schema/root-index.ts">
        <metrics statements="3" coveredstatements="3" conditionals="0" coveredconditionals="0" methods="0" coveredmethods="0"/>
        <line num="8" count="41" type="stmt"/>
        <line num="21" count="41" type="stmt"/>
        <line num="34" count="41" type="stmt"/>
      </file>
      <file name="validators.ts" path="/Users/smordziol/Webserver/libraries/ai-insights-DEV/mcp-server/src/schema/validators.ts">
        <metrics statements="28" coveredstatements="27" conditionals="32" coveredconditionals="31" methods="7" coveredmethods="7"/>
        <line num="14" count="762" type="cond" truecount="2" falsecount="0"/>
        <line num="41" count="75" type="cond" truecount="2" falsecount="0"/>
        <line num="42" count="8" type="stmt"/>
        <line num="45" count="67" type="cond" truecount="5" falsecount="1"/>
        <line num="47" count="13" type="cond" truecount="3" falsecount="0"/>
        <line num="50" count="23" type="cond" truecount="4" falsecount="0"/>
        <line num="53" count="9" type="cond" truecount="3" falsecount="0"/>
        <line num="56" count="14" type="cond" truecount="2" falsecount="0"/>
        <line num="59" count="8" type="stmt"/>
        <line num="62" count="0" type="stmt"/>
        <line num="77" count="31" type="cond" truecount="2" falsecount="0"/>
        <line num="78" count="10" type="stmt"/>
        <line num="81" count="21" type="stmt"/>
        <line num="83" count="21" type="stmt"/>
        <line num="84" count="27" type="stmt"/>
        <line num="86" count="24" type="cond" truecount="2" falsecount="0"/>
        <line num="87" count="1" type="stmt"/>
        <line num="93" count="23" type="cond" truecount="2" falsecount="0"/>
        <line num="94" count="9" type="stmt"/>
        <line num="98" count="20" type="cond" truecount="2" falsecount="0"/>
        <line num="99" count="8" type="stmt"/>
        <line num="105" count="12" type="stmt"/>
        <line num="118" count="5" type="stmt"/>
        <line num="119" count="7" type="stmt"/>
        <line num="120" count="2" type="stmt"/>
        <line num="122" count="5" type="cond" truecount="2" falsecount="0"/>
        <line num="123" count="1" type="stmt"/>
        <line num="129" count="4" type="stmt"/>
      </file>
      <file name="work-package.ts" path="/Users/smordziol/Webserver/libraries/ai-insights-DEV/mcp-server/src/schema/work-package.ts">
        <metrics statements="10" coveredstatements="10" conditionals="0" coveredconditionals="0" methods="0" coveredmethods="0"/>
        <line num="12" count="41" type="stmt"/>
        <line num="22" count="41" type="stmt"/>
        <line num="31" count="41" type="stmt"/>
        <line num="41" count="41" type="stmt"/>
        <line num="52" count="41" type="stmt"/>
        <line num="64" count="41" type="stmt"/>
        <line num="76" count="41" type="stmt"/>
        <line num="93" count="41" type="stmt"/>
        <line num="104" count="41" type="stmt"/>
        <line num="117" count="41" type="stmt"/>
      </file>
      <file name="workflow-manifest-schema.ts" path="/Users/smordziol/Webserver/libraries/ai-insights-DEV/mcp-server/src/schema/workflow-manifest-schema.ts">
        <metrics statements="8" coveredstatements="8" conditionals="0" coveredconditionals="0" methods="0" coveredmethods="0"/>
        <line num="17" count="45" type="stmt"/>
        <line num="26" count="45" type="stmt"/>
        <line num="43" count="45" type="stmt"/>
        <line num="52" count="45" type="stmt"/>
        <line num="59" count="45" type="stmt"/>
        <line num="67" count="45" type="stmt"/>
        <line num="74" count="45" type="stmt"/>
        <line num="93" count="45" type="stmt"/>
      </file>
    </package>
    <package name="src.storage">
      <metrics statements="217" coveredstatements="211" conditionals="114" coveredconditionals="107" methods="31" coveredmethods="31"/>
      <file name="atomic-writer.ts" path="/Users/smordziol/Webserver/libraries/ai-insights-DEV/mcp-server/src/storage/atomic-writer.ts">
        <metrics statements="11" coveredstatements="8" conditionals="0" coveredconditionals="0" methods="1" coveredmethods="1"/>
        <line num="22" count="3003" type="stmt"/>
        <line num="23" count="3003" type="stmt"/>
        <line num="25" count="3003" type="stmt"/>
        <line num="27" count="3003" type="stmt"/>
        <line num="28" count="3003" type="stmt"/>
        <line num="31" count="3003" type="stmt"/>
        <line num="34" count="3003" type="stmt"/>
        <line num="37" count="3003" type="stmt"/>
        <line num="40" count="0" type="stmt"/>
        <line num="41" count="0" type="stmt"/>
        <line num="47" count="0" type="stmt"/>
      </file>
      <file name="file-lock.ts" path="/Users/smordziol/Webserver/libraries/ai-insights-DEV/mcp-server/src/storage/file-lock.ts">
        <metrics statements="14" coveredstatements="12" conditionals="4" coveredconditionals="2" methods="1" coveredmethods="1"/>
        <line num="11" count="37" type="stmt"/>
        <line num="35" count="334" type="stmt"/>
        <line num="38" count="334" type="stmt"/>
        <line num="41" count="334" type="stmt"/>
        <line num="43" count="334" type="stmt"/>
        <line num="47" count="334" type="stmt"/>
        <line num="53" count="334" type="stmt"/>
        <line num="55" count="66" type="cond" truecount="1" falsecount="1"/>
        <line num="56" count="0" type="stmt"/>
        <line num="61" count="66" type="stmt"/>
        <line num="64" count="334" type="cond" truecount="1" falsecount="1"/>
        <line num="65" count="334" type="stmt"/>
        <line num="66" count="334" type="stmt"/>
        <line num="69" count="0" type="stmt"/>
      </file>
      <file name="ledger-store.ts" path="/Users/smordziol/Webserver/libraries/ai-insights-DEV/mcp-server/src/storage/ledger-store.ts">
        <metrics statements="192" coveredstatements="191" conditionals="110" coveredconditionals="105" methods="29" coveredmethods="29"/>
        <line num="22" count="2" type="stmt"/>
        <line num="23" count="2" type="stmt"/>
        <line num="43" count="1120" type="stmt"/>
        <line num="44" count="1120" type="stmt"/>
        <line num="45" count="1120" type="cond" truecount="2" falsecount="0"/>
        <line num="46" count="1120" type="stmt"/>
        <line num="52" count="1697" type="stmt"/>
        <line num="56" count="1539" type="stmt"/>
        <line num="60" count="75" type="stmt"/>
        <line num="64" count="1183" type="stmt"/>
        <line num="70" count="32" type="stmt"/>
        <line num="71" count="32" type="stmt"/>
        <line num="72" count="3" type="stmt"/>
        <line num="74" count="29" type="stmt"/>
        <line num="79" count="8" type="stmt"/>
        <line num="80" count="8" type="stmt"/>
        <line num="81" count="4" type="stmt"/>
        <line num="83" count="4" type="stmt"/>
        <line num="88" count="75" type="stmt"/>
        <line num="89" count="75" type="stmt"/>
        <line num="90" count="62" type="stmt"/>
        <line num="92" count="13" type="stmt"/>
        <line num="104" count="660" type="stmt"/>
        <line num="106" count="660" type="stmt"/>
        <line num="107" count="660" type="stmt"/>
        <line num="108" count="654" type="stmt"/>
        <line num="109" count="654" type="stmt"/>
        <line num="111" count="10" type="cond" truecount="2" falsecount="0"/>
        <line num="112" count="6" type="stmt"/>
        <line num="118" count="4" type="cond" truecount="2" falsecount="0"/>
        <line num="119" count="3" type="stmt"/>
        <line num="123" count="1" type="stmt"/>
        <line num="136" count="812" type="stmt"/>
        <line num="138" count="812" type="stmt"/>
        <line num="139" count="812" type="stmt"/>
        <line num="140" count="767" type="stmt"/>
        <line num="141" count="767" type="stmt"/>
        <line num="144" count="767" type="cond" truecount="4" falsecount="0"/>
        <line num="145" count="7" type="stmt"/>
        <line num="151" count="7" type="stmt"/>
        <line num="154" count="766" type="stmt"/>
        <line num="156" count="46" type="cond" truecount="2" falsecount="0"/>
        <line num="157" count="45" type="stmt"/>
        <line num="160" count="1" type="cond" truecount="1" falsecount="1"/>
        <line num="161" count="1" type="stmt"/>
        <line num="167" count="0" type="stmt"/>
        <line num="207" count="785" type="stmt"/>
        <line num="209" count="785" type="stmt"/>
        <line num="210" count="785" type="stmt"/>
        <line num="212" count="784" type="stmt"/>
        <line num="238" count="503" type="stmt"/>
        <line num="240" count="503" type="stmt"/>
        <line num="241" count="503" type="stmt"/>
        <line num="264" count="216" type="stmt"/>
        <line num="266" count="216" type="stmt"/>
        <line num="267" count="211" type="stmt"/>
        <line num="270" count="211" type="stmt"/>
        <line num="273" count="165" type="stmt"/>
        <line num="276" count="165" type="stmt"/>
        <line num="277" count="165" type="stmt"/>
        <line num="280" count="165" type="stmt"/>
        <line num="281" count="165" type="stmt"/>
        <line num="283" count="165" type="stmt"/>
        <line num="312" count="31" type="stmt"/>
        <line num="313" count="31" type="stmt"/>
        <line num="315" count="31" type="stmt"/>
        <line num="318" count="30" type="stmt"/>
        <line num="319" count="22" type="stmt"/>
        <line num="322" count="22" type="stmt"/>
        <line num="325" count="22" type="stmt"/>
        <line num="326" count="22" type="stmt"/>
        <line num="329" count="22" type="stmt"/>
        <line num="330" count="21" type="stmt"/>
        <line num="332" count="21" type="stmt"/>
        <line num="337" count="21" type="stmt"/>
        <line num="372" count="38" type="stmt"/>
        <line num="374" count="38" type="stmt"/>
        <line num="377" count="38" type="stmt"/>
        <line num="380" count="38" type="stmt"/>
        <line num="382" count="37" type="stmt"/>
        <line num="387" count="37" type="stmt"/>
        <line num="388" count="37" type="stmt"/>
        <line num="390" count="33" type="stmt"/>
        <line num="391" count="33" type="stmt"/>
        <line num="395" count="35" type="stmt"/>
        <line num="398" count="35" type="stmt"/>
        <line num="399" count="30" type="stmt"/>
        <line num="401" count="35" type="stmt"/>
        <line num="404" count="35" type="stmt"/>
        <line num="439" count="1082" type="stmt"/>
        <line num="440" count="1082" type="stmt"/>
        <line num="442" count="1082" type="stmt"/>
        <line num="443" count="1082" type="stmt"/>
        <line num="444" count="394" type="stmt"/>
        <line num="449" count="1082" type="stmt"/>
        <line num="453" count="1082" type="cond" truecount="4" falsecount="0"/>
        <line num="456" count="1082" type="stmt"/>
        <line num="482" count="1082" type="stmt"/>
        <line num="491" count="68" type="stmt"/>
        <line num="493" count="68" type="stmt"/>
        <line num="494" count="68" type="stmt"/>
        <line num="495" count="67" type="stmt"/>
        <line num="496" count="67" type="stmt"/>
        <line num="498" count="3" type="cond" truecount="2" falsecount="0"/>
        <line num="499" count="1" type="stmt"/>
        <line num="501" count="2" type="cond" truecount="2" falsecount="0"/>
        <line num="502" count="1" type="stmt"/>
        <line num="504" count="1" type="stmt"/>
        <line num="516" count="11" type="stmt"/>
        <line num="517" count="11" type="stmt"/>
        <line num="521" count="11" type="stmt"/>
        <line num="522" count="11" type="stmt"/>
        <line num="553" count="14" type="cond" truecount="4" falsecount="0"/>
        <line num="554" count="3" type="stmt"/>
        <line num="558" count="11" type="cond" truecount="2" falsecount="0"/>
        <line num="559" count="1" type="stmt"/>
        <line num="561" count="10" type="stmt"/>
        <line num="562" count="10" type="stmt"/>
        <line num="563" count="10" type="stmt"/>
        <line num="565" count="2" type="stmt"/>
        <line num="567" count="10" type="stmt"/>
        <line num="568" count="10" type="cond" truecount="2" falsecount="0"/>
        <line num="570" count="2" type="stmt"/>
        <line num="574" count="8" type="stmt"/>
        <line num="575" count="8" type="stmt"/>
        <line num="576" count="8" type="stmt"/>
        <line num="577" count="8" type="stmt"/>
        <line num="581" count="8" type="stmt"/>
        <line num="583" count="8" type="stmt"/>
        <line num="602" count="43" type="stmt"/>
        <line num="603" count="43" type="stmt"/>
        <line num="605" count="43" type="stmt"/>
        <line num="606" count="43" type="stmt"/>
        <line num="607" count="43" type="stmt"/>
        <line num="608" count="43" type="stmt"/>
        <line num="609" count="43" type="stmt"/>
        <line num="610" count="8" type="stmt"/>
        <line num="612" count="35" type="stmt"/>
        <line num="613" count="35" type="cond" truecount="2" falsecount="0"/>
        <line num="614" count="34" type="stmt"/>
        <line num="615" count="34" type="stmt"/>
        <line num="617" count="1" type="stmt"/>
        <line num="622" count="42" type="stmt"/>
        <line num="632" count="83" type="cond" truecount="2" falsecount="0"/>
        <line num="635" count="83" type="stmt"/>
        <line num="636" count="83" type="stmt"/>
        <line num="638" count="4" type="stmt"/>
        <line num="641" count="79" type="stmt"/>
        <line num="643" count="79" type="stmt"/>
        <line num="644" count="159" type="stmt"/>
        <line num="647" count="159" type="cond" truecount="2" falsecount="0"/>
        <line num="655" count="115" type="cond" truecount="2" falsecount="0"/>
        <line num="657" count="114" type="stmt"/>
        <line num="658" count="114" type="stmt"/>
        <line num="659" count="114" type="stmt"/>
        <line num="660" count="113" type="stmt"/>
        <line num="661" count="113" type="stmt"/>
        <line num="662" count="113" type="stmt"/>
        <line num="664" count="2" type="stmt"/>
        <line num="670" count="79" type="stmt"/>
        <line num="692" count="14" type="stmt"/>
        <line num="696" count="33" type="stmt"/>
        <line num="697" count="33" type="cond" truecount="1" falsecount="1"/>
        <line num="700" count="14" type="stmt"/>
        <line num="702" count="14" type="stmt"/>
        <line num="703" count="14" type="stmt"/>
        <line num="704" count="19" type="stmt"/>
        <line num="705" count="19" type="stmt"/>
        <line num="707" count="19" type="cond" truecount="2" falsecount="0"/>
        <line num="712" count="15" type="cond" truecount="2" falsecount="0"/>
        <line num="713" count="13" type="stmt"/>
        <line num="717" count="14" type="cond" truecount="2" falsecount="0"/>
        <line num="718" count="6" type="stmt"/>
        <line num="721" count="8" type="cond" truecount="2" falsecount="0"/>
        <line num="723" count="3" type="stmt"/>
        <line num="724" count="4" type="stmt"/>
        <line num="726" count="3" type="stmt"/>
        <line num="729" count="3" type="stmt"/>
        <line num="730" count="3" type="stmt"/>
        <line num="731" count="4" type="stmt"/>
[...]
        <line num="120" count="77" type="stmt"/>
        <line num="121" count="46" type="stmt"/>
        <line num="124" count="46" type="cond" truecount="2" falsecount="0"/>
        <line num="125" count="2" type="stmt"/>
        <line num="126" count="2" type="stmt"/>
        <line num="141" count="2" type="stmt"/>
        <line num="145" count="44" type="stmt"/>
        <line num="146" count="44" type="stmt"/>
        <line num="147" count="44" type="stmt"/>
        <line num="152" count="44" type="cond" truecount="2" falsecount="2"/>
        <line num="156" count="46" type="stmt"/>
        <line num="157" count="176" type="cond" truecount="2" falsecount="0"/>
        <line num="158" count="67" type="stmt"/>
        <line num="160" count="109" type="stmt"/>
        <line num="165" count="44" type="stmt"/>
        <line num="166" count="44" type="stmt"/>
        <line num="167" count="102" type="cond" truecount="2" falsecount="0"/>
        <line num="168" count="35" type="stmt"/>
        <line num="169" count="35" type="stmt"/>
        <line num="173" count="44" type="cond" truecount="2" falsecount="0"/>
        <line num="178" count="46" type="stmt"/>
        <line num="180" count="46" type="cond" truecount="4" falsecount="0"/>
        <line num="182" count="9" type="stmt"/>
        <line num="183" count="9" type="stmt"/>
        <line num="198" count="9" type="stmt"/>
        <line num="202" count="35" type="cond" truecount="4" falsecount="0"/>
        <line num="204" count="24" type="stmt"/>
        <line num="205" count="24" type="stmt"/>
        <line num="220" count="24" type="stmt"/>
        <line num="223" count="11" type="cond" truecount="2" falsecount="0"/>
        <line num="225" count="9" type="stmt"/>
        <line num="226" count="9" type="cond" truecount="4" falsecount="0"/>
        <line num="228" count="5" type="stmt"/>
        <line num="229" count="5" type="stmt"/>
        <line num="244" count="4" type="cond" truecount="1" falsecount="1"/>
        <line num="246" count="4" type="stmt"/>
        <line num="247" count="4" type="stmt"/>
        <line num="264" count="0" type="stmt"/>
        <line num="265" count="0" type="stmt"/>
        <line num="281" count="9" type="stmt"/>
        <line num="284" count="2" type="cond" truecount="2" falsecount="0"/>
        <line num="286" count="1" type="stmt"/>
        <line num="287" count="1" type="stmt"/>
        <line num="302" count="1" type="stmt"/>
        <line num="305" count="1" type="cond" truecount="1" falsecount="1"/>
        <line num="307" count="1" type="stmt"/>
        <line num="308" count="1" type="stmt"/>
        <line num="323" count="1" type="stmt"/>
        <line num="327" count="0" type="stmt"/>
        <line num="328" count="0" type="stmt"/>
        <line num="345" count="37" type="stmt"/>
        <line num="373" count="15" type="stmt"/>
        <line num="374" count="15" type="stmt"/>
        <line num="375" count="15" type="stmt"/>
        <line num="377" count="15" type="stmt"/>
        <line num="378" count="15" type="stmt"/>
        <line num="379" count="15" type="stmt"/>
        <line num="381" count="15" type="stmt"/>
        <line num="382" count="17" type="stmt"/>
        <line num="383" count="17" type="cond" truecount="2" falsecount="0"/>
        <line num="385" count="17" type="cond" truecount="2" falsecount="0"/>
        <line num="386" count="3" type="stmt"/>
        <line num="387" count="3" type="stmt"/>
        <line num="391" count="14" type="stmt"/>
        <line num="394" count="14" type="cond" truecount="1" falsecount="1"/>
        <line num="395" count="0" type="stmt"/>
        <line num="398" count="0" type="stmt"/>
        <line num="399" count="0" type="stmt"/>
        <line num="402" count="14" type="cond" truecount="2" falsecount="0"/>
        <line num="404" count="11" type="stmt"/>
        <line num="405" count="19" type="cond" truecount="2" falsecount="0"/>
        <line num="406" count="2" type="stmt"/>
        <line num="407" count="2" type="stmt"/>
        <line num="408" count="2" type="stmt"/>
        <line num="409" count="2" type="stmt"/>
        <line num="413" count="11" type="stmt"/>
        <line num="414" count="11" type="cond" truecount="2" falsecount="0"/>
        <line num="415" count="11" type="stmt"/>
        <line num="416" count="11" type="stmt"/>
        <line num="419" count="11" type="stmt"/>
        <line num="420" count="11" type="cond" truecount="4" falsecount="0"/>
        <line num="421" count="10" type="stmt"/>
        <line num="422" count="15" type="stmt"/>
        <line num="427" count="11" type="cond" truecount="1" falsecount="1"/>
        <line num="428" count="0" type="stmt"/>
        <line num="431" count="11" type="stmt"/>
        <line num="432" count="11" type="stmt"/>
        <line num="435" count="11" type="stmt"/>
        <line num="436" count="11" type="stmt"/>
        <line num="438" count="11" type="cond" truecount="1" falsecount="1"/>
        <line num="439" count="11" type="stmt"/>
        <line num="440" count="11" type="stmt"/>
        <line num="442" count="3" type="cond" truecount="1" falsecount="1"/>
        <line num="443" count="3" type="stmt"/>
        <line num="444" count="3" type="stmt"/>
        <line num="446" count="3" type="stmt"/>
        <line num="447" count="3" type="stmt"/>
        <line num="450" count="3" type="stmt"/>
        <line num="451" count="4" type="stmt"/>
        <line num="453" count="3" type="cond" truecount="1" falsecount="1"/>
        <line num="454" count="3" type="stmt"/>
        <line num="455" count="3" type="stmt"/>
        <line num="461" count="15" type="stmt"/>
        <line num="462" count="17" type="stmt"/>
        <line num="465" count="15" type="stmt"/>
        <line num="466" count="15" type="stmt"/>
        <line num="467" count="15" type="stmt"/>
        <line num="468" count="15" type="stmt"/>
        <line num="471" count="15" type="stmt"/>
        <line num="472" count="15" type="cond" truecount="2" falsecount="0"/>
        <line num="473" count="11" type="stmt"/>
        <line num="475" count="15" type="cond" truecount="2" falsecount="0"/>
        <line num="476" count="3" type="stmt"/>
        <line num="478" count="15" type="cond" truecount="2" falsecount="0"/>
        <line num="479" count="3" type="stmt"/>
        <line num="482" count="15" type="stmt"/>
        <line num="484" count="15" type="stmt"/>
        <line num="492" count="15" type="stmt"/>
        <line num="495" count="15" type="stmt"/>
        <line num="528" count="0" type="stmt"/>
        <line num="529" count="0" type="stmt"/>
        <line num="531" count="0" type="stmt"/>
        <line num="532" count="0" type="stmt"/>
        <line num="533" count="0" type="stmt"/>
        <line num="535" count="0" type="stmt"/>
        <line num="536" count="0" type="cond" truecount="0" falsecount="2"/>
        <line num="538" count="0" type="stmt"/>
        <line num="539" count="0" type="stmt"/>
        <line num="540" count="0" type="stmt"/>
        <line num="542" count="0" type="stmt"/>
        <line num="543" count="0" type="stmt"/>
        <line num="545" count="0" type="stmt"/>
        <line num="548" count="0" type="stmt"/>
        <line num="549" count="0" type="stmt"/>
        <line num="550" count="0" type="stmt"/>
        <line num="552" count="0" type="stmt"/>
        <line num="554" count="0" type="stmt"/>
        <line num="562" count="0" type="stmt"/>
        <line num="565" count="0" type="stmt"/>
        <line num="567" count="0" type="stmt"/>
      </file>
      <file name="read-project-name.ts" path="/Users/smordziol/Webserver/libraries/ai-insights-DEV/mcp-server/src/utils/read-project-name.ts">
        <metrics statements="22" coveredstatements="7" conditionals="24" coveredconditionals="0" methods="1" coveredmethods="1"/>
        <line num="14" count="26" type="stmt"/>
        <line num="15" count="26" type="stmt"/>
        <line num="16" count="0" type="stmt"/>
        <line num="17" count="0" type="cond" truecount="0" falsecount="5"/>
        <line num="18" count="0" type="stmt"/>
        <line num="19" count="0" type="cond" truecount="0" falsecount="4"/>
        <line num="20" count="0" type="stmt"/>
        <line num="28" count="26" type="stmt"/>
        <line num="29" count="26" type="stmt"/>
        <line num="30" count="0" type="stmt"/>
        <line num="31" count="0" type="cond" truecount="0" falsecount="5"/>
        <line num="32" count="0" type="stmt"/>
        <line num="33" count="0" type="cond" truecount="0" falsecount="4"/>
        <line num="34" count="0" type="stmt"/>
        <line num="42" count="26" type="stmt"/>
        <line num="43" count="26" type="stmt"/>
        <line num="44" count="0" type="stmt"/>
        <line num="45" count="0" type="cond" truecount="0" falsecount="2"/>
        <line num="46" count="0" type="stmt"/>
        <line num="47" count="0" type="cond" truecount="0" falsecount="4"/>
        <line num="48" count="0" type="stmt"/>
        <line num="55" count="26" type="stmt"/>
      </file>
      <file name="runner.ts" path="/Users/smordziol/Webserver/libraries/ai-insights-DEV/mcp-server/src/utils/runner.ts">
        <metrics statements="12" coveredstatements="12" conditionals="13" coveredconditionals="13" methods="1" coveredmethods="1"/>
        <line num="60" count="39" type="cond" truecount="2" falsecount="0"/>
        <line num="61" count="21" type="stmt"/>
        <line num="64" count="18" type="stmt"/>
        <line num="65" count="18" type="stmt"/>
        <line num="69" count="18" type="cond" truecount="4" falsecount="0"/>
        <line num="70" count="4" type="stmt"/>
        <line num="71" count="14" type="cond" truecount="2" falsecount="0"/>
        <line num="72" count="3" type="stmt"/>
        <line num="73" count="11" type="cond" truecount="5" falsecount="0"/>
        <line num="74" count="8" type="stmt"/>
        <line num="76" count="3" type="stmt"/>
        <line num="79" count="18" type="stmt"/>
      </file>
      <file name="server-version.ts" path="/Users/smordziol/Webserver/libraries/ai-insights-DEV/mcp-server/src/utils/server-version.ts">
        <metrics statements="5" coveredstatements="5" conditionals="0" coveredconditionals="0" methods="1" coveredmethods="1"/>
        <line num="5" count="7" type="stmt"/>
        <line num="6" count="7" type="stmt"/>
        <line num="10" count="7" type="stmt"/>
        <line num="16" count="7" type="stmt"/>
        <line num="27" count="25" type="stmt"/>
      </file>
      <file name="timestamp.ts" path="/Users/smordziol/Webserver/libraries/ai-insights-DEV/mcp-server/src/utils/timestamp.ts">
        <metrics statements="22" coveredstatements="22" conditionals="11" coveredconditionals="11" methods="3" coveredmethods="3"/>
        <line num="5" count="3191" type="stmt"/>
        <line num="7" count="3191" type="stmt"/>
        <line num="8" count="3191" type="stmt"/>
        <line num="9" count="3191" type="stmt"/>
        <line num="10" count="3191" type="stmt"/>
        <line num="11" count="3191" type="stmt"/>
        <line num="12" count="3191" type="stmt"/>
        <line num="14" count="3191" type="stmt"/>
        <line num="26" count="238" type="stmt"/>
        <line num="37" count="18" type="stmt"/>
        <line num="39" count="18" type="stmt"/>
        <line num="41" count="18" type="stmt"/>
        <line num="42" count="18" type="stmt"/>
        <line num="43" count="18" type="stmt"/>
        <line num="44" count="18" type="stmt"/>
        <line num="46" count="18" type="cond" truecount="2" falsecount="0"/>
        <line num="47" count="15" type="cond" truecount="2" falsecount="0"/>
        <line num="48" count="11" type="cond" truecount="2" falsecount="0"/>
        <line num="49" count="3" type="stmt"/>
        <line num="50" count="3" type="cond" truecount="2" falsecount="0"/>
        <line num="52" count="8" type="stmt"/>
        <line num="53" count="8" type="cond" truecount="2" falsecount="0"/>
      </file>
      <file name="workflow-helpers.ts" path="/Users/smordziol/Webserver/libraries/ai-insights-DEV/mcp-server/src/utils/workflow-helpers.ts">
        <metrics statements="94" coveredstatements="93" conditionals="89" coveredconditionals="84" methods="33" coveredmethods="33"/>
        <line num="27" count="30" type="stmt"/>
        <line num="36" count="30" type="stmt"/>
        <line num="39" count="30" type="stmt"/>
        <line num="42" count="30" type="stmt"/>
        <line num="51" count="59" type="stmt"/>
        <line num="52" count="59" type="stmt"/>
        <line num="54" count="0" type="stmt"/>
        <line num="74" count="54" type="stmt"/>
        <line num="87" count="32" type="stmt"/>
        <line num="88" count="32" type="stmt"/>
        <line num="107" count="37" type="stmt"/>
        <line num="108" count="37" type="cond" truecount="2" falsecount="0"/>
        <line num="118" count="30" type="stmt"/>
        <line num="123" count="30" type="stmt"/>
        <line num="128" count="30" type="stmt"/>
        <line num="135" count="30" type="stmt"/>
        <line num="151" count="74" type="cond" truecount="4" falsecount="0"/>
        <line num="152" count="20" type="stmt"/>
        <line num="153" count="20" type="stmt"/>
        <line num="154" count="20" type="stmt"/>
        <line num="164" count="376" type="stmt"/>
        <line num="165" count="605" type="cond" truecount="2" falsecount="0"/>
        <line num="167" count="376" type="cond" truecount="2" falsecount="0"/>
        <line num="168" count="177" type="stmt"/>
        <line num="184" count="56" type="stmt"/>
        <line num="185" count="115" type="stmt"/>
        <line num="210" count="25" type="stmt"/>
        <line num="211" count="51" type="cond" truecount="3" falsecount="0"/>
        <line num="213" count="25" type="cond" truecount="1" falsecount="1"/>
        <line num="215" count="25" type="stmt"/>
        <line num="216" count="25" type="cond" truecount="2" falsecount="0"/>
        <line num="218" count="24" type="stmt"/>
        <line num="225" count="24" type="cond" truecount="2" falsecount="0"/>
        <line num="226" count="25" type="stmt"/>
        <line num="228" count="47" type="cond" truecount="4" falsecount="0"/>
        <line num="234" count="25" type="cond" truecount="2" falsecount="0"/>
        <line num="235" count="3" type="stmt"/>
        <line num="247" count="21" type="stmt"/>
        <line num="248" count="36" type="cond" truecount="2" falsecount="0"/>
        <line num="250" count="21" type="cond" truecount="2" falsecount="0"/>
        <line num="252" count="5" type="stmt"/>
        <line num="253" count="5" type="cond" truecount="2" falsecount="0"/>
        <line num="260" count="4" type="stmt"/>
        <line num="280" count="19" type="stmt"/>
        <line num="281" count="48" type="cond" truecount="3" falsecount="0"/>
        <line num="284" count="19" type="cond" truecount="2" falsecount="0"/>
        <line num="286" count="17" type="stmt"/>
        <line num="291" count="17" type="cond" truecount="2" falsecount="0"/>
        <line num="292" count="19" type="stmt"/>
        <line num="293" count="19" type="stmt"/>
        <line num="294" count="51" type="stmt"/>
        <line num="296" count="19" type="stmt"/>
        <line num="297" count="24" type="stmt"/>
        <line num="298" count="64" type="cond" truecount="2" falsecount="0"/>
        <line num="300" count="24" type="cond" truecount="2" falsecount="0"/>
        <line num="301" count="16" type="stmt"/>
        <line num="302" count="16" type="cond" truecount="1" falsecount="1"/>
        <line num="303" count="16" type="stmt"/>
        <line num="304" count="16" type="cond" truecount="2" falsecount="0"/>
        <line num="305" count="11" type="stmt"/>
        <line num="311" count="6" type="stmt"/>
        <line num="324" count="222" type="cond" truecount="2" falsecount="0"/>
        <line num="325" count="35" type="cond" truecount="2" falsecount="0"/>
        <line num="332" count="30" type="stmt"/>
        <line num="353" count="74" type="stmt"/>
        <line num="354" count="193" type="cond" truecount="2" falsecount="0"/>
        <line num="356" count="74" type="cond" truecount="2" falsecount="0"/>
        <line num="360" count="65" type="stmt"/>
        <line num="361" count="186" type="cond" truecount="2" falsecount="0"/>
        <line num="363" count="65" type="cond" truecount="2" falsecount="0"/>
        <line num="366" count="52" type="cond" truecount="4" falsecount="0"/>
        <line num="368" count="31" type="stmt"/>
        <line num="369" count="31" type="stmt"/>
        <line num="373" count="31" type="stmt"/>
        <line num="391" count="35" type="cond" truecount="2" falsecount="0"/>
        <line num="399" count="5" type="cond" truecount="2" falsecount="0"/>
        <line num="411" count="81" type="stmt"/>
        <line num="412" count="143" type="cond" truecount="2" falsecount="0"/>
        <line num="414" count="81" type="cond" truecount="2" falsecount="0"/>
        <line num="416" count="9" type="stmt"/>
        <line num="434" count="96" type="stmt"/>
        <line num="435" count="153" type="cond" truecount="2" falsecount="0"/>
        <line num="437" count="96" type="cond" truecount="2" falsecount="0"/>
        <line num="438" count="3" type="cond" truecount="1" falsecount="1"/>
        <line num="439" count="96" type="cond" truecount="1" falsecount="1"/>
        <line num="442" count="96" type="stmt"/>
        <line num="475" count="3" type="cond" truecount="2" falsecount="0"/>
        <line num="476" count="1" type="cond" truecount="1" falsecount="1"/>
        <line num="477" count="1" type="stmt"/>
        <line num="506" count="54" type="cond" truecount="4" falsecount="0"/>
        <line num="507" count="50" type="stmt"/>
        <line num="509" count="5" type="stmt"/>
        <line num="510" count="4" type="cond" truecount="2" falsecount="0"/>
        <line num="512" count="4" type="stmt"/>
      </file>
      <file name="wp-id.ts" path="/Users/smordziol/Webserver/libraries/ai-insights-DEV/mcp-server/src/utils/wp-id.ts">
        <metrics statements="8" coveredstatements="7" conditionals="4" coveredconditionals="3" methods="2" coveredmethods="2"/>
        <line num="7" count="43" type="stmt"/>
        <line num="17" count="16" type="stmt"/>
        <line num="18" count="16" type="cond" truecount="2" falsecount="0"/>
        <line num="19" count="5" type="stmt"/>
        <line num="22" count="11" type="stmt"/>
        <line num="23" count="11" type="cond" truecount="1" falsecount="1"/>
        <line num="24" count="0" type="stmt"/>
        <line num="26" count="11" type="stmt"/>
      </file>
    </package>
    <package name="tests.helpers">
      <metrics statements="9" coveredstatements="8" conditionals="9" coveredconditionals="8" methods="5" coveredmethods="4"/>
      <file name="create-temp-store.ts" path="/Users/smordziol/Webserver/libraries/ai-insights-DEV/mcp-server/tests/helpers/create-temp-store.ts">
        <metrics statements="4" coveredstatements="4" conditionals="1" coveredconditionals="1" methods="2" coveredmethods="2"/>
        <line num="71" count="138" type="stmt"/>
        <line num="72" count="138" type="stmt"/>
        <line num="73" count="138" type="stmt"/>
        <line num="81" count="138" type="stmt"/>
      </file>
      <file name="fixtures.ts" path="/Users/smordziol/Webserver/libraries/ai-insights-DEV/mcp-server/tests/helpers/fixtures.ts">
        <metrics statements="5" coveredstatements="4" conditionals="8" coveredconditionals="7" methods="3" coveredmethods="2"/>
        <line num="7" count="169" type="stmt"/>
        <line num="28" count="250" type="cond" truecount="2" falsecount="0"/>
        <line num="29" count="222" type="stmt"/>
        <line num="37" count="28" type="stmt"/>
        <line num="49" count="0" type="stmt"/>
      </file>
    </package>
  </project>
</coverage>
